MPASM  5.37                      COMSERIE.ASM   6-5-2016  11:11:11         PAGE  1


LOC  OBJECT CODE     LINE SOURCE TEXT
  VALUE

                      00001         list p = 16f887
                      00002         include "p16f887.inc"
                      00001         LIST
                      00002 ; P16F887.INC  Standard Header File, Version 1.00    Microchip Technology, Inc.
                      00617         LIST
                      00003         
                      00004         cblock 0x21
  00000021            00005 PUNTERO_FSR
  00000022            00006 w_temp
  00000023            00007 status_temp
                      00008         endc
                      00009 
                      00010         org 0x00
0000   2???           00011         goto INICIO
                      00012         org 0x05
0005   2???           00013         goto INT
                      00014         
0006                  00015 INICIO
0006   2???           00016         call Configuracion_Puerto_Serie
0007   2???           00017         call Interrupts_Configuration
0008   2???           00018         goto Main
                      00019 
                      00020 ;-------------------------
0009                  00021 Configuracion_Puerto_Serie
                      00022 ;-------------------------
0009   1683 1303      00023         banksel TRISC
                      00024         ;---------
                      00025         ;CFG_EXTRA
                      00026         ;---------
Message[302]: Register in operand not in bank 0.  Ensure that bank bits are correct.
000B   0188           00027         clrf TRISD
                      00028         ;FIN CONFIG_EXTRA
Message[302]: Register in operand not in bank 0.  Ensure that bank bits are correct.
000C   1307           00029         bcf TRISC, 6    ;RC6/TX/CK = output
Message[302]: Register in operand not in bank 0.  Ensure that bank bits are correct.
000D   1787           00030         bsf TRISC, 7    ;RC7/RX/DT = input
                      00031 
000E   1683 1703      00032         banksel BAUDCTL 
Message[302]: Register in operand not in bank 0.  Ensure that bank bits are correct.
0010   1587           00033         bsf BAUDCTL, BRG16      ;16-bit BAUD Rate Generator is used.
                      00034         
0011   1683 1303      00035         banksel SPBRG
0013   3033           00036         movlw .51       ;baud rate = 38400 ---> Esto seguro hay que modificarlo.
                      00037                                 ;(Fosc/(4*(SPBRG+1))) Error + 0.16%
Message[302]: Register in operand not in bank 0.  Ensure that bank bits are correct.
0014   0099           00038         movwf SPBRG
Message[302]: Register in operand not in bank 0.  Ensure that bank bits are correct.
0015   019A           00039         clrf SPBRGH
                      00040 
0016   1683 1303      00041         banksel TXSTA
Message[302]: Register in operand not in bank 0.  Ensure that bank bits are correct.
0018   1318           00042         bcf TXSTA, TX9  ;Data is 8-bit wide
Message[302]: Register in operand not in bank 0.  Ensure that bank bits are correct.
MPASM  5.37                      COMSERIE.ASM   6-5-2016  11:11:11         PAGE  2


LOC  OBJECT CODE     LINE SOURCE TEXT
  VALUE

0019   1698           00043         bsf TXSTA, TXEN ;Data transmission enabled      No se para que...
Message[302]: Register in operand not in bank 0.  Ensure that bank bits are correct.
001A   1218           00044         bcf TXSTA, SYNC ;Asynchronous mode
Message[302]: Register in operand not in bank 0.  Ensure that bank bits are correct.
001B   1518           00045         bsf TXSTA, BRGH ;High-speed baud rate
                      00046         
001C   1283 1303      00047         banksel RCSTA
001E   1798           00048         bsf RCSTA, SPEN ;RX/DT and TX/CK outputs configuration
001F   1318           00049         bcf RCSTA, RX9  ;Select mode for 8-bit data receive
0020   1618           00050         bsf RCSTA, CREN ;Receive data enabled
0021   1198           00051         bcf RCSTA, ADDEN        ;No address detection, ninth bit 
                      00052                                                 ;might be used as parity bit
0022   081A           00053         movf RCREG, 0   ;cleared RCIF bit
                      00054 
0023   1683 1703      00055         banksel BAUDCTL
Message[302]: Register in operand not in bank 0.  Ensure that bank bits are correct.
0025   1607           00056         bsf BAUDCTL, SCKP ;set inverted mode
                      00057         
0026   0008           00058         return
                      00059 ;-----------------------
0027                  00060 Interrupts_Configuration
                      00061 ;-----------------------
0027   1683 1303      00062         banksel PIE1
Message[302]: Register in operand not in bank 0.  Ensure that bank bits are correct.
0029   168C           00063         bsf PIE1, RCIE  ;USART Rx interrupt enabled
                      00064         
002A   1283 1303      00065         banksel INTCON
002C   170B           00066         bsf INTCON, PEIE
002D   178B           00067         bsf INTCON, GIE
                      00068         
002E   0008           00069         return
                      00070 ;--------------
                      00071 ;Rutina de Interrupcion
                      00072 ;--------------
002F                  00073 INT
002F   00A2           00074         movwf w_temp
0030   1283           00075         bcf STATUS, RP0
0031   1303           00076         bcf STATUS, RP1
0032   0E03           00077         swapf STATUS, 0
0033   00A3           00078         movwf status_temp
                      00079 
0034   1683 1303      00080         banksel PIE1
Message[302]: Register in operand not in bank 0.  Ensure that bank bits are correct.
0036   1E8C           00081         btfss PIE1, RCIE
0037   2???           00082         goto NOT_RX232_INT
0038   1283 1303      00083         banksel PIR1
003A   1A8C           00084         btfsc PIR1, RCIF        ;Test for USART receive interrupt
003B   2???           00085         goto INTERRUPCION_RX232
003C                  00086 NOT_RX232_INT
                      00087         ;Otras interrupciones...
                      00088         ;bla bla bla
003C   2???           00089         goto FINISH_INT
                      00090 
MPASM  5.37                      COMSERIE.ASM   6-5-2016  11:11:11         PAGE  3


LOC  OBJECT CODE     LINE SOURCE TEXT
  VALUE

003D                  00091 INTERRUPCION_RX232
003D   1283 1303      00092         banksel RCSTA
003F   1918           00093         btfsc RCSTA, FERR
0040   2???           00094         goto FRAMING_ERROR
0041   1898           00095         btfsc RCSTA, OERR
0042   2???           00096         goto OVERRUN_ERROR
0043   2???           00097         goto RECIBIR_DATO
                      00098 
0044                  00099 RECIBIR_DATO
0044   081A           00100         movf RCREG, 0
0045   3903           00101         andlw b'00000011'
0046   00A1           00102         movwf PUNTERO_FSR
0047   0A84           00103         incf FSR, 1
0048   2???           00104         goto FINISH_INT
                      00105 
0049                  00106 FRAMING_ERROR
0049   1118           00107         bcf RCSTA, FERR         ;Limpio el bit de Framing Error
004A   081A           00108         movf RCREG, 0           ;Mueve el byte recibido y limpia
004B   3903           00109         andlw b'00000011'
004C   00A1           00110         movwf PUNTERO_FSR
004D   0A84           00111         incf FSR, 1
                      00112         ;MOSTRAR QUE HUBO UN ERROR, O USAR BACKUP
004E   1708           00113         bsf PORTD, 6
004F   2???           00114         goto FINISH_INT
                      00115 
0050                  00116 OVERRUN_ERROR
0050   1098           00117         bcf RCSTA, OERR ;Limpio el bit de Overrun Error
0051   081A           00118         movf RCREG, 0
0052   3903           00119         andlw b'00000011'
0053   00A1           00120         movwf PUNTERO_FSR
0054   0A84           00121         incf FSR, 1
                      00122         ;MOSTRAR QUE HUBO UN ERROR, O USAR BACKUP
0055   1688           00123         bsf PORTD, 5
0056   2???           00124         goto FINISH_INT
                      00125 
                      00126 
0057                  00127 FINISH_INT
                      00128         ;Recupero w y status
0057   2???           00129         call EXTRA
0058   0E23           00130         swapf status_temp, 0
0059   0083           00131         movwf STATUS
005A   0EA2           00132         swapf w_temp, 1
005B   0E22           00133         swapf w_temp, 0
005C   0009           00134         retfie
                      00135 
005D                  00136 EXTRA
005D   0821           00137         movf PUNTERO_FSR, 0
005E   2???           00138         call TABLA
005F   0088           00139         movwf PORTD
0060   0008           00140         return
0061                  00141 TABLA
0061   0782           00142         addwf PCL, 1
0062   3401           00143         retlw b'00000001' 
MPASM  5.37                      COMSERIE.ASM   6-5-2016  11:11:11         PAGE  4


LOC  OBJECT CODE     LINE SOURCE TEXT
  VALUE

0063   3402           00144         retlw b'00000010'
0064   3404           00145         retlw b'00000100'
0065   3408           00146         retlw b'00001000'
                      00147         
                      00148 
                      00149 ;----------
0066                  00150 Main
                      00151 ;----------
                      00152 ;Hacer algo para ver si funciona...
0066   2???           00153         goto $ ;Se queda aca para siempre...
                      00154 
                      00155         end
MPASM  5.37                      COMSERIE.ASM   6-5-2016  11:11:11         PAGE  5


SYMBOL TABLE
  LABEL                             VALUE 

ABDEN                             00000000
ABDOVF                            00000007
ACKDT                             00000005
ACKEN                             00000004
ACKSTAT                           00000006
ADCON0                            0000001F
ADCON1                            0000009F
ADCS0                             00000006
ADCS1                             00000007
ADDEN                             00000003
ADFM                              00000007
ADIE                              00000006
ADIF                              00000006
ADON                              00000000
ADRESH                            0000001E
ADRESL                            0000009E
ANS0                              00000000
ANS1                              00000001
ANS10                             00000002
ANS11                             00000003
ANS12                             00000004
ANS13                             00000005
ANS2                              00000002
ANS3                              00000003
ANS4                              00000004
ANS5                              00000005
ANS6                              00000006
ANS7                              00000007
ANS8                              00000000
ANS9                              00000001
ANSEL                             00000188
ANSELH                            00000189
BAUDCTL                           00000187
BCLIE                             00000003
BCLIF                             00000003
BF                                00000000
BRG0                              00000000
BRG1                              00000001
BRG10                             00000002
BRG11                             00000003
BRG12                             00000004
BRG13                             00000005
BRG14                             00000006
BRG15                             00000007
BRG16                             00000003
BRG2                              00000002
BRG3                              00000003
BRG4                              00000004
BRG5                              00000005
BRG6                              00000006
BRG7                              00000007
BRG8                              00000000
BRG9                              00000001
MPASM  5.37                      COMSERIE.ASM   6-5-2016  11:11:11         PAGE  6


SYMBOL TABLE
  LABEL                             VALUE 

BRGH                              00000002
C                                 00000000
C1CH0                             00000000
C1CH1                             00000001
C1IE                              00000005
C1IF                              00000005
C1OE                              00000005
C1ON                              00000007
C1OUT                             00000006
C1POL                             00000004
C1R                               00000002
C1RSEL                            00000005
C1SEN                             00000005
C2CH0                             00000000
C2CH1                             00000001
C2IE                              00000006
C2IF                              00000006
C2OE                              00000005
C2ON                              00000007
C2OUT                             00000006
C2POL                             00000004
C2R                               00000002
C2REN                             00000004
C2RSEL                            00000004
C2SYNC                            00000000
CCP1CON                           00000017
CCP1IE                            00000002
CCP1IF                            00000002
CCP1M0                            00000000
CCP1M1                            00000001
CCP1M2                            00000002
CCP1M3                            00000003
CCP1X                             00000005
CCP1Y                             00000004
CCP2CON                           0000001D
CCP2IE                            00000000
CCP2IF                            00000000
CCP2M0                            00000000
CCP2M1                            00000001
CCP2M2                            00000002
CCP2M3                            00000003
CCP2X                             00000005
CCP2Y                             00000004
CCPR1H                            00000016
CCPR1L                            00000015
CCPR2H                            0000001C
CCPR2L                            0000001B
CHS0                              00000002
CHS1                              00000003
CHS2                              00000004
CHS3                              00000005
CKE                               00000006
CKP                               00000004
MPASM  5.37                      COMSERIE.ASM   6-5-2016  11:11:11         PAGE  7


SYMBOL TABLE
  LABEL                             VALUE 

CM1CON0                           00000107
CM2CON0                           00000108
CM2CON1                           00000109
CREN                              00000004
CSRC                              00000007
Configuracion_Puerto_Serie        00000009
D                                 00000005
DATA_ADDRESS                      00000005
DC                                00000001
DC1B0                             00000004
DC1B1                             00000005
DC2B0                             00000004
DC2B1                             00000005
D_A                               00000005
ECCPAS                            0000009C
ECCPAS0                           00000004
ECCPAS1                           00000005
ECCPAS2                           00000006
ECCPASE                           00000007
EEADR                             0000010D
EEADRH                            0000010F
EECON1                            0000018C
EECON2                            0000018D
EEDAT                             0000010C
EEDATA                            0000010C
EEDATH                            0000010E
EEIE                              00000004
EEIF                              00000004
EEPGD                             00000007
EXTRA                             0000005D
F                                 00000001
FERR                              00000002
FINISH_INT                        00000057
FRAMING_ERROR                     00000049
FSR                               00000004
FVREN                             00000000
GCEN                              00000007
GIE                               00000007
GO                                00000001
GO_DONE                           00000001
HTS                               00000002
I2C_DATA                          00000005
I2C_READ                          00000002
I2C_START                         00000003
I2C_STOP                          00000004
INDF                              00000000
INICIO                            00000006
INT                               0000002F
INTCON                            0000000B
INTE                              00000004
INTEDG                            00000006
INTERRUPCION_RX232                0000003D
INTF                              00000001
MPASM  5.37                      COMSERIE.ASM   6-5-2016  11:11:11         PAGE  8


SYMBOL TABLE
  LABEL                             VALUE 

IOCB                              00000096
IOCB0                             00000000
IOCB1                             00000001
IOCB2                             00000002
IOCB3                             00000003
IOCB4                             00000004
IOCB5                             00000005
IOCB6                             00000006
IOCB7                             00000007
IRCF0                             00000004
IRCF1                             00000005
IRCF2                             00000006
IRP                               00000007
Interrupts_Configuration          00000027
LTS                               00000001
MC1OUT                            00000007
MC2OUT                            00000006
MSK                               00000093
Main                              00000066
NOT_A                             00000005
NOT_ADDRESS                       00000005
NOT_BO                            00000000
NOT_BOR                           00000000
NOT_DONE                          00000001
NOT_PD                            00000003
NOT_POR                           00000001
NOT_RBPU                          00000007
NOT_RC8                           00000006
NOT_RX232_INT                     0000003C
NOT_T1SYNC                        00000002
NOT_TO                            00000004
NOT_TX8                           00000006
NOT_W                             00000002
NOT_WRITE                         00000002
OERR                              00000001
OPTION_REG                        00000081
OSCCON                            0000008F
OSCTUNE                           00000090
OSFIE                             00000007
OSFIF                             00000007
OSTS                              00000003
OVERRUN_ERROR                     00000050
P                                 00000004
P1M0                              00000006
P1M1                              00000007
PCL                               00000002
PCLATH                            0000000A
PCON                              0000008E
PDC0                              00000000
PDC1                              00000001
PDC2                              00000002
PDC3                              00000003
PDC4                              00000004
MPASM  5.37                      COMSERIE.ASM   6-5-2016  11:11:11         PAGE  9


SYMBOL TABLE
  LABEL                             VALUE 

PDC5                              00000005
PDC6                              00000006
PEIE                              00000006
PEN                               00000002
PIE1                              0000008C
PIE2                              0000008D
PIR1                              0000000C
PIR2                              0000000D
PORTA                             00000005
PORTB                             00000006
PORTC                             00000007
PORTD                             00000008
PORTE                             00000009
PR2                               00000092
PRSEN                             00000007
PS0                               00000000
PS1                               00000001
PS2                               00000002
PSA                               00000003
PSSAC0                            00000002
PSSAC1                            00000003
PSSBD0                            00000000
PSSBD1                            00000001
PSTRCON                           0000009D
PULSR                             00000002
PULSS                             00000003
PUNTERO_FSR                       00000021
PWM1CON                           0000009B
R                                 00000002
RBIE                              00000003
RBIF                              00000000
RC8_9                             00000006
RC9                               00000006
RCD8                              00000000
RCEN                              00000003
RCIDL                             00000006
RCIE                              00000005
RCIF                              00000005
RCREG                             0000001A
RCSTA                             00000018
RD                                00000000
READ_WRITE                        00000002
RECIBIR_DATO                      00000044
RP0                               00000005
RP1                               00000006
RSEN                              00000001
RX9                               00000006
RX9D                              00000000
R_W                               00000002
S                                 00000003
SBOREN                            00000004
SCKP                              00000004
SCS                               00000000
MPASM  5.37                      COMSERIE.ASM   6-5-2016  11:11:11         PAGE 10


SYMBOL TABLE
  LABEL                             VALUE 

SEN                               00000000
SENDB                             00000003
SMP                               00000007
SPBRG                             00000099
SPBRGH                            0000009A
SPEN                              00000007
SR0                               00000006
SR1                               00000007
SRCON                             00000185
SREN                              00000005
SSPADD                            00000093
SSPBUF                            00000013
SSPCON                            00000014
SSPCON2                           00000091
SSPEN                             00000005
SSPIE                             00000003
SSPIF                             00000003
SSPM0                             00000000
SSPM1                             00000001
SSPM2                             00000002
SSPM3                             00000003
SSPMSK                            00000093
SSPOV                             00000006
SSPSTAT                           00000094
STATUS                            00000003
STRA                              00000000
STRB                              00000001
STRC                              00000002
STRD                              00000003
STRSYNC                           00000004
SWDTEN                            00000000
SYNC                              00000004
T0CS                              00000005
T0IE                              00000005
T0IF                              00000002
T0SE                              00000004
T1CKPS0                           00000004
T1CKPS1                           00000005
T1CON                             00000010
T1GIV                             00000007
T1GSS                             00000001
T1INSYNC                          00000002
T1OSCEN                           00000003
T1SYNC                            00000002
T2CKPS0                           00000000
T2CKPS1                           00000001
T2CON                             00000012
TABLA                             00000061
TMR0                              00000001
TMR0IE                            00000005
TMR0IF                            00000002
TMR1CS                            00000001
TMR1GE                            00000006
MPASM  5.37                      COMSERIE.ASM   6-5-2016  11:11:11         PAGE 11


SYMBOL TABLE
  LABEL                             VALUE 

TMR1H                             0000000F
TMR1IE                            00000000
TMR1IF                            00000000
TMR1L                             0000000E
TMR1ON                            00000000
TMR2                              00000011
TMR2IE                            00000001
TMR2IF                            00000001
TMR2ON                            00000002
TOUTPS0                           00000003
TOUTPS1                           00000004
TOUTPS2                           00000005
TOUTPS3                           00000006
TRISA                             00000085
TRISB                             00000086
TRISC                             00000087
TRISD                             00000088
TRISE                             00000089
TRMT                              00000001
TUN0                              00000000
TUN1                              00000001
TUN2                              00000002
TUN3                              00000003
TUN4                              00000004
TX8_9                             00000006
TX9                               00000006
TX9D                              00000000
TXD8                              00000000
TXEN                              00000005
TXIE                              00000004
TXIF                              00000004
TXREG                             00000019
TXSTA                             00000098
UA                                00000001
ULPWUE                            00000005
ULPWUIE                           00000002
ULPWUIF                           00000002
VCFG0                             00000004
VCFG1                             00000005
VR0                               00000000
VR1                               00000001
VR2                               00000002
VR3                               00000003
VRCON                             00000097
VREN                              00000007
VROE                              00000006
VRR                               00000005
VRSS                              00000004
W                                 00000000
WCOL                              00000007
WDTCON                            00000105
WDTPS0                            00000001
WDTPS1                            00000002
MPASM  5.37                      COMSERIE.ASM   6-5-2016  11:11:11         PAGE 12


SYMBOL TABLE
  LABEL                             VALUE 

WDTPS2                            00000003
WDTPS3                            00000004
WPUB                              00000095
WPUB0                             00000000
WPUB1                             00000001
WPUB2                             00000002
WPUB3                             00000003
WPUB4                             00000004
WPUB5                             00000005
WPUB6                             00000006
WPUB7                             00000007
WR                                00000001
WREN                              00000002
WRERR                             00000003
WUE                               00000001
Z                                 00000002
_.org_1_0066                      00000066
_BOR21V                           00003EFF
_BOR40V                           00003FFF
_BOR_NSLEEP                       00003EFF
_BOR_OFF                          00003CFF
_BOR_ON                           00003FFF
_BOR_SBODEN                       00003DFF
_CONFIG1                          00002007
_CONFIG2                          00002008
_CPD_OFF                          00003FFF
_CPD_ON                           00003F7F
_CP_OFF                           00003FFF
_CP_ON                            00003FBF
_DEBUG_OFF                        00003FFF
_DEBUG_ON                         00001FFF
_EC_OSC                           00003FFB
_EXTRC                            00003FFF
_EXTRCIO                          00003FFE
_EXTRC_OSC_CLKOUT                 00003FFF
_EXTRC_OSC_NOCLKOUT               00003FFE
_FCMEN_OFF                        000037FF
_FCMEN_ON                         00003FFF
_HS_OSC                           00003FFA
_IESO_OFF                         00003BFF
_IESO_ON                          00003FFF
_INTOSC                           00003FFD
_INTOSCIO                         00003FFC
_INTRC_OSC_CLKOUT                 00003FFD
_INTRC_OSC_NOCLKOUT               00003FFC
_LP_OSC                           00003FF8
_LVP_OFF                          00002FFF
_LVP_ON                           00003FFF
_MCLRE_OFF                        00003FDF
_MCLRE_ON                         00003FFF
_PWRTE_OFF                        00003FFF
_PWRTE_ON                         00003FEF
_WDT_OFF                          00003FF7
MPASM  5.37                      COMSERIE.ASM   6-5-2016  11:11:11         PAGE 13


SYMBOL TABLE
  LABEL                             VALUE 

_WDT_ON                           00003FFF
_WRT_1FOURTH                      00003BFF
_WRT_256                          00003DFF
_WRT_HALF                         000039FF
_WRT_OFF                          00003FFF
_XT_OSC                           00003FF9
__16F887                          00000001
status_temp                       00000023
w_temp                            00000022

Errors   :     0
Warnings :     0 reported,     0 suppressed
Messages :    13 reported,     0 suppressed

