MPASM  5.37                    TRANSMISOR.ASM   6-5-2016  11:31:39         PAGE  1


LOC  OBJECT CODE     LINE SOURCE TEXT
  VALUE

                      00001         list p = 16f887
                      00002         include "p16f887.inc"
                      00001         LIST
                      00002 ; P16F887.INC  Standard Header File, Version 1.00    Microchip Technology, Inc.
                      00617         LIST
                      00003         
                      00004         cblock 0x21
  00000021            00005 PUNTERO_FSR
  00000022            00006 w_temp
  00000023            00007 status_temp
  00000024            00008 contador
                      00009         endc
                      00010 
                      00011         org 0x00
0000   2???           00012         goto INICIO
                      00013         org 0x05
0005   2???           00014         goto INT
                      00015         
0006                  00016 INICIO
0006   2???           00017         call CFG_EXTRA
0007   2???           00018         call Configuracion_Puerto_Serie
0008   2???           00019         call Interrupts_Configuration
0009   2???           00020         goto Main
                      00021 
                      00022 ;---------
000A                  00023 CFG_EXTRA
                      00024 ;---------
000A   1683 1303      00025         banksel TRISD
Message[302]: Register in operand not in bank 0.  Ensure that bank bits are correct.
000C   0188           00026         clrf TRISD
Message[302]: Register in operand not in bank 0.  Ensure that bank bits are correct.
000D   0186           00027         clrf TRISB
Message[302]: Register in operand not in bank 0.  Ensure that bank bits are correct.
000E   1406           00028         bsf TRISB, 0
                      00029         
000F   1683 1703      00030         banksel ANSELH
Message[302]: Register in operand not in bank 0.  Ensure that bank bits are correct.
0011   0189           00031         clrf ANSELH
                      00032         
0012   1283 1303      00033         banksel INTCON
0014   178B           00034         bsf INTCON, GIE
0015   160B           00035         bsf INTCON, INTE
                      00036         
0016   01A4           00037         clrf contador
0017   0008           00038         return
                      00039 ;FIN CONFIG_EXTRA
                      00040 
                      00041 ;-------------------------
0018                  00042 Configuracion_Puerto_Serie
                      00043 ;-------------------------
0018   1683 1303      00044         banksel TRISC
Message[302]: Register in operand not in bank 0.  Ensure that bank bits are correct.
001A   1307           00045         bcf TRISC, 6    ;RC6/TX/CK = output
MPASM  5.37                    TRANSMISOR.ASM   6-5-2016  11:31:39         PAGE  2


LOC  OBJECT CODE     LINE SOURCE TEXT
  VALUE

Message[302]: Register in operand not in bank 0.  Ensure that bank bits are correct.
001B   1787           00046         bsf TRISC, 7    ;RC7/RX/DT = input
                      00047 
001C   1683 1703      00048         banksel BAUDCTL 
Message[302]: Register in operand not in bank 0.  Ensure that bank bits are correct.
001E   1587           00049         bsf BAUDCTL, BRG16      ;16-bit BAUD Rate Generator is used.
                      00050         
001F   1683 1303      00051         banksel SPBRG
0021   3033           00052         movlw .51       ;baud rate = 38400 ---> Esto seguro hay que modificarlo.
                      00053                                 ;(Fosc/(4*(SPBRG+1))) Error + 0.16%
Message[302]: Register in operand not in bank 0.  Ensure that bank bits are correct.
0022   0099           00054         movwf SPBRG
Message[302]: Register in operand not in bank 0.  Ensure that bank bits are correct.
0023   019A           00055         clrf SPBRGH
                      00056 
0024   1683 1303      00057         banksel TXSTA
Message[302]: Register in operand not in bank 0.  Ensure that bank bits are correct.
0026   1318           00058         bcf TXSTA, TX9  ;Data is 8-bit wide
Message[302]: Register in operand not in bank 0.  Ensure that bank bits are correct.
0027   1698           00059         bsf TXSTA, TXEN ;Data transmission enabled      No se para que...
Message[302]: Register in operand not in bank 0.  Ensure that bank bits are correct.
0028   1218           00060         bcf TXSTA, SYNC ;Asynchronous mode
Message[302]: Register in operand not in bank 0.  Ensure that bank bits are correct.
0029   1518           00061         bsf TXSTA, BRGH ;High-speed baud rate
                      00062         
002A   1283 1303      00063         banksel RCSTA
002C   1798           00064         bsf RCSTA, SPEN ;RX/DT and TX/CK outputs configuration
002D   1318           00065         bcf RCSTA, RX9  ;Select mode for 8-bit data receive
002E   1618           00066         bsf RCSTA, CREN ;Receive data enabled
002F   1198           00067         bcf RCSTA, ADDEN        ;No address detection, ninth bit 
                      00068                                                 ;might be used as parity bit
0030   081A           00069         movf RCREG, 0   ;cleared RCIF bit
                      00070 
0031   1683 1703      00071         banksel BAUDCTL
Message[302]: Register in operand not in bank 0.  Ensure that bank bits are correct.
0033   1207           00072         bcf BAUDCTL, SCKP ;unset inverted mode
                      00073         
0034   0008           00074         return
                      00075 ;-----------------------
0035                  00076 Interrupts_Configuration
                      00077 ;-----------------------
0035   1683 1303      00078         banksel PIE1
Message[302]: Register in operand not in bank 0.  Ensure that bank bits are correct.
0037   168C           00079         bsf PIE1, RCIE  ;USART Rx interrupt enabled
                      00080         
0038   1283 1303      00081         banksel INTCON
003A   170B           00082         bsf INTCON, PEIE
003B   178B           00083         bsf INTCON, GIE
                      00084         
003C   0008           00085         return
                      00086 ;--------------
                      00087 ;Rutina de Interrupcion
                      00088 ;--------------
MPASM  5.37                    TRANSMISOR.ASM   6-5-2016  11:31:39         PAGE  3


LOC  OBJECT CODE     LINE SOURCE TEXT
  VALUE

003D                  00089 INT
003D   00A2           00090         movwf w_temp
003E   1283           00091         bcf STATUS, RP0
003F   1303           00092         bcf STATUS, RP1
0040   0E03           00093         swapf STATUS, 0
0041   00A3           00094         movwf status_temp
                      00095 
0042   1683 1303      00096         banksel PIE1
Message[302]: Register in operand not in bank 0.  Ensure that bank bits are correct.
0044   1E8C           00097         btfss PIE1, RCIE
0045   2???           00098         goto NOT_RX232_INT
0046   1283 1303      00099         banksel PIR1
0048   1A8C           00100         btfsc PIR1, RCIF        ;Test for USART receive interrupt
0049   2???           00101         goto INTERRUPCION_RX232
004A                  00102 NOT_RX232_INT
004A   1283 1303      00103         banksel INTCON
004C   1E0B           00104         btfss INTCON, INTE
004D   2???           00105         goto NOT_INTE
004E   188B           00106         btfsc INTCON, INTF
004F   2???           00107         goto INTERRUPCION_RB0
0050                  00108 NOT_INTE
0050   0000           00109         nop
                      00110         ;Otras interrupciones...
                      00111         ;bla bla bla
0051   2???           00112         goto FINISH_INT
                      00113 
0052                  00114 INTERRUPCION_RB0
0052   108B           00115         bcf INTCON, INTF
0053   0824           00116         movf contador, 0
0054   0099           00117         movwf TXREG ;Envia datos al otro pic
0055   0AA4           00118         incf contador, 1
0056   0824           00119         movf contador, 0
0057   3A04           00120         xorlw 0x04
0058   1903           00121         btfsc STATUS, Z
0059   01A4           00122         clrf contador
005A   0000           00123         nop
005B   3001           00124         movlw 0x01
005C   0688           00125         xorwf PORTD, 1
005D   2???           00126         goto FINISH_INT
                      00127 
005E                  00128 INTERRUPCION_RX232
005E   1283 1303      00129         banksel RCSTA
0060   1918           00130         btfsc RCSTA, FERR
0061   2???           00131         goto FRAMING_ERROR
0062   1898           00132         btfsc RCSTA, OERR
0063   2???           00133         goto OVERRUN_ERROR
0064   2???           00134         goto RECIBIR_DATO
                      00135 
0065                  00136 RECIBIR_DATO
0065   081A           00137         movf RCREG, 0
0066   3903           00138         andlw b'00000011'
0067   00A1           00139         movwf PUNTERO_FSR
0068   0A84           00140         incf FSR, 1
MPASM  5.37                    TRANSMISOR.ASM   6-5-2016  11:31:39         PAGE  4


LOC  OBJECT CODE     LINE SOURCE TEXT
  VALUE

0069   2???           00141         goto EXTRA
                      00142 
006A                  00143 FRAMING_ERROR
006A   1118           00144         bcf RCSTA, FERR         ;Limpio el bit de Framing Error
006B   081A           00145         movf RCREG, 0           ;Mueve el byte recibido y limpia
006C   3903           00146         andlw b'00000011'
006D   00A1           00147         movwf PUNTERO_FSR
006E   0A84           00148         incf FSR, 1
                      00149         ;MOSTRAR QUE HUBO UN ERROR, O USAR BACKUP
006F   1708           00150         bsf PORTD, 6
0070   2???           00151         goto EXTRA
                      00152 
0071                  00153 OVERRUN_ERROR
0071   1098           00154         bcf RCSTA, OERR ;Limpio el bit de Overrun Error
0072   081A           00155         movf RCREG, 0
0073   3903           00156         andlw b'00000011'
0074   00A1           00157         movwf PUNTERO_FSR
0075   0A84           00158         incf FSR, 1
                      00159         ;MOSTRAR QUE HUBO UN ERROR, O USAR BACKUP
0076   1688           00160         bsf PORTD, 5
0077   2???           00161         goto EXTRA
                      00162 
                      00163 
0078                  00164 FINISH_INT
                      00165         ;Recupero w y status
0078   0E23           00166         swapf status_temp, 0
0079   0083           00167         movwf STATUS
007A   0EA2           00168         swapf w_temp, 1
007B   0E22           00169         swapf w_temp, 0
007C   0009           00170         retfie
                      00171 
007D                  00172 EXTRA
007D   0821           00173         movf PUNTERO_FSR, 0
007E   2???           00174         call TABLA
007F   0088           00175         movwf PORTD
0080   2???           00176         goto FINISH_INT
0081                  00177 TABLA
0081   0782           00178         addwf PCL, 1
0082   3401           00179         retlw b'00000001' 
0083   3402           00180         retlw b'00000010'
0084   3404           00181         retlw b'00000100'
0085   3408           00182         retlw b'00001000'
                      00183         
                      00184 
                      00185 ;----------
0086                  00186 Main
                      00187 ;----------
                      00188 ;Hacer algo para ver si funciona...
0086   2???           00189         goto $ ;Se queda aca para siempre...
                      00190 
                      00191         end
MPASM  5.37                    TRANSMISOR.ASM   6-5-2016  11:31:39         PAGE  5


SYMBOL TABLE
  LABEL                             VALUE 

ABDEN                             00000000
ABDOVF                            00000007
ACKDT                             00000005
ACKEN                             00000004
ACKSTAT                           00000006
ADCON0                            0000001F
ADCON1                            0000009F
ADCS0                             00000006
ADCS1                             00000007
ADDEN                             00000003
ADFM                              00000007
ADIE                              00000006
ADIF                              00000006
ADON                              00000000
ADRESH                            0000001E
ADRESL                            0000009E
ANS0                              00000000
ANS1                              00000001
ANS10                             00000002
ANS11                             00000003
ANS12                             00000004
ANS13                             00000005
ANS2                              00000002
ANS3                              00000003
ANS4                              00000004
ANS5                              00000005
ANS6                              00000006
ANS7                              00000007
ANS8                              00000000
ANS9                              00000001
ANSEL                             00000188
ANSELH                            00000189
BAUDCTL                           00000187
BCLIE                             00000003
BCLIF                             00000003
BF                                00000000
BRG0                              00000000
BRG1                              00000001
BRG10                             00000002
BRG11                             00000003
BRG12                             00000004
BRG13                             00000005
BRG14                             00000006
BRG15                             00000007
BRG16                             00000003
BRG2                              00000002
BRG3                              00000003
BRG4                              00000004
BRG5                              00000005
BRG6                              00000006
BRG7                              00000007
BRG8                              00000000
BRG9                              00000001
MPASM  5.37                    TRANSMISOR.ASM   6-5-2016  11:31:39         PAGE  6


SYMBOL TABLE
  LABEL                             VALUE 

BRGH                              00000002
C                                 00000000
C1CH0                             00000000
C1CH1                             00000001
C1IE                              00000005
C1IF                              00000005
C1OE                              00000005
C1ON                              00000007
C1OUT                             00000006
C1POL                             00000004
C1R                               00000002
C1RSEL                            00000005
C1SEN                             00000005
C2CH0                             00000000
C2CH1                             00000001
C2IE                              00000006
C2IF                              00000006
C2OE                              00000005
C2ON                              00000007
C2OUT                             00000006
C2POL                             00000004
C2R                               00000002
C2REN                             00000004
C2RSEL                            00000004
C2SYNC                            00000000
CCP1CON                           00000017
CCP1IE                            00000002
CCP1IF                            00000002
CCP1M0                            00000000
CCP1M1                            00000001
CCP1M2                            00000002
CCP1M3                            00000003
CCP1X                             00000005
CCP1Y                             00000004
CCP2CON                           0000001D
CCP2IE                            00000000
CCP2IF                            00000000
CCP2M0                            00000000
CCP2M1                            00000001
CCP2M2                            00000002
CCP2M3                            00000003
CCP2X                             00000005
CCP2Y                             00000004
CCPR1H                            00000016
CCPR1L                            00000015
CCPR2H                            0000001C
CCPR2L                            0000001B
CFG_EXTRA                         0000000A
CHS0                              00000002
CHS1                              00000003
CHS2                              00000004
CHS3                              00000005
CKE                               00000006
MPASM  5.37                    TRANSMISOR.ASM   6-5-2016  11:31:39         PAGE  7


SYMBOL TABLE
  LABEL                             VALUE 

CKP                               00000004
CM1CON0                           00000107
CM2CON0                           00000108
CM2CON1                           00000109
CREN                              00000004
CSRC                              00000007
Configuracion_Puerto_Serie        00000018
D                                 00000005
DATA_ADDRESS                      00000005
DC                                00000001
DC1B0                             00000004
DC1B1                             00000005
DC2B0                             00000004
DC2B1                             00000005
D_A                               00000005
ECCPAS                            0000009C
ECCPAS0                           00000004
ECCPAS1                           00000005
ECCPAS2                           00000006
ECCPASE                           00000007
EEADR                             0000010D
EEADRH                            0000010F
EECON1                            0000018C
EECON2                            0000018D
EEDAT                             0000010C
EEDATA                            0000010C
EEDATH                            0000010E
EEIE                              00000004
EEIF                              00000004
EEPGD                             00000007
EXTRA                             0000007D
F                                 00000001
FERR                              00000002
FINISH_INT                        00000078
FRAMING_ERROR                     0000006A
FSR                               00000004
FVREN                             00000000
GCEN                              00000007
GIE                               00000007
GO                                00000001
GO_DONE                           00000001
HTS                               00000002
I2C_DATA                          00000005
I2C_READ                          00000002
I2C_START                         00000003
I2C_STOP                          00000004
INDF                              00000000
INICIO                            00000006
INT                               0000003D
INTCON                            0000000B
INTE                              00000004
INTEDG                            00000006
INTERRUPCION_RB0                  00000052
MPASM  5.37                    TRANSMISOR.ASM   6-5-2016  11:31:39         PAGE  8


SYMBOL TABLE
  LABEL                             VALUE 

INTERRUPCION_RX232                0000005E
INTF                              00000001
IOCB                              00000096
IOCB0                             00000000
IOCB1                             00000001
IOCB2                             00000002
IOCB3                             00000003
IOCB4                             00000004
IOCB5                             00000005
IOCB6                             00000006
IOCB7                             00000007
IRCF0                             00000004
IRCF1                             00000005
IRCF2                             00000006
IRP                               00000007
Interrupts_Configuration          00000035
LTS                               00000001
MC1OUT                            00000007
MC2OUT                            00000006
MSK                               00000093
Main                              00000086
NOT_A                             00000005
NOT_ADDRESS                       00000005
NOT_BO                            00000000
NOT_BOR                           00000000
NOT_DONE                          00000001
NOT_INTE                          00000050
NOT_PD                            00000003
NOT_POR                           00000001
NOT_RBPU                          00000007
NOT_RC8                           00000006
NOT_RX232_INT                     0000004A
NOT_T1SYNC                        00000002
NOT_TO                            00000004
NOT_TX8                           00000006
NOT_W                             00000002
NOT_WRITE                         00000002
OERR                              00000001
OPTION_REG                        00000081
OSCCON                            0000008F
OSCTUNE                           00000090
OSFIE                             00000007
OSFIF                             00000007
OSTS                              00000003
OVERRUN_ERROR                     00000071
P                                 00000004
P1M0                              00000006
P1M1                              00000007
PCL                               00000002
PCLATH                            0000000A
PCON                              0000008E
PDC0                              00000000
PDC1                              00000001
MPASM  5.37                    TRANSMISOR.ASM   6-5-2016  11:31:39         PAGE  9


SYMBOL TABLE
  LABEL                             VALUE 

PDC2                              00000002
PDC3                              00000003
PDC4                              00000004
PDC5                              00000005
PDC6                              00000006
PEIE                              00000006
PEN                               00000002
PIE1                              0000008C
PIE2                              0000008D
PIR1                              0000000C
PIR2                              0000000D
PORTA                             00000005
PORTB                             00000006
PORTC                             00000007
PORTD                             00000008
PORTE                             00000009
PR2                               00000092
PRSEN                             00000007
PS0                               00000000
PS1                               00000001
PS2                               00000002
PSA                               00000003
PSSAC0                            00000002
PSSAC1                            00000003
PSSBD0                            00000000
PSSBD1                            00000001
PSTRCON                           0000009D
PULSR                             00000002
PULSS                             00000003
PUNTERO_FSR                       00000021
PWM1CON                           0000009B
R                                 00000002
RBIE                              00000003
RBIF                              00000000
RC8_9                             00000006
RC9                               00000006
RCD8                              00000000
RCEN                              00000003
RCIDL                             00000006
RCIE                              00000005
RCIF                              00000005
RCREG                             0000001A
RCSTA                             00000018
RD                                00000000
READ_WRITE                        00000002
RECIBIR_DATO                      00000065
RP0                               00000005
RP1                               00000006
RSEN                              00000001
RX9                               00000006
RX9D                              00000000
R_W                               00000002
S                                 00000003
MPASM  5.37                    TRANSMISOR.ASM   6-5-2016  11:31:39         PAGE 10


SYMBOL TABLE
  LABEL                             VALUE 

SBOREN                            00000004
SCKP                              00000004
SCS                               00000000
SEN                               00000000
SENDB                             00000003
SMP                               00000007
SPBRG                             00000099
SPBRGH                            0000009A
SPEN                              00000007
SR0                               00000006
SR1                               00000007
SRCON                             00000185
SREN                              00000005
SSPADD                            00000093
SSPBUF                            00000013
SSPCON                            00000014
SSPCON2                           00000091
SSPEN                             00000005
SSPIE                             00000003
SSPIF                             00000003
SSPM0                             00000000
SSPM1                             00000001
SSPM2                             00000002
SSPM3                             00000003
SSPMSK                            00000093
SSPOV                             00000006
SSPSTAT                           00000094
STATUS                            00000003
STRA                              00000000
STRB                              00000001
STRC                              00000002
STRD                              00000003
STRSYNC                           00000004
SWDTEN                            00000000
SYNC                              00000004
T0CS                              00000005
T0IE                              00000005
T0IF                              00000002
T0SE                              00000004
T1CKPS0                           00000004
T1CKPS1                           00000005
T1CON                             00000010
T1GIV                             00000007
T1GSS                             00000001
T1INSYNC                          00000002
T1OSCEN                           00000003
T1SYNC                            00000002
T2CKPS0                           00000000
T2CKPS1                           00000001
T2CON                             00000012
TABLA                             00000081
TMR0                              00000001
TMR0IE                            00000005
MPASM  5.37                    TRANSMISOR.ASM   6-5-2016  11:31:39         PAGE 11


SYMBOL TABLE
  LABEL                             VALUE 

TMR0IF                            00000002
TMR1CS                            00000001
TMR1GE                            00000006
TMR1H                             0000000F
TMR1IE                            00000000
TMR1IF                            00000000
TMR1L                             0000000E
TMR1ON                            00000000
TMR2                              00000011
TMR2IE                            00000001
TMR2IF                            00000001
TMR2ON                            00000002
TOUTPS0                           00000003
TOUTPS1                           00000004
TOUTPS2                           00000005
TOUTPS3                           00000006
TRISA                             00000085
TRISB                             00000086
TRISC                             00000087
TRISD                             00000088
TRISE                             00000089
TRMT                              00000001
TUN0                              00000000
TUN1                              00000001
TUN2                              00000002
TUN3                              00000003
TUN4                              00000004
TX8_9                             00000006
TX9                               00000006
TX9D                              00000000
TXD8                              00000000
TXEN                              00000005
TXIE                              00000004
TXIF                              00000004
TXREG                             00000019
TXSTA                             00000098
UA                                00000001
ULPWUE                            00000005
ULPWUIE                           00000002
ULPWUIF                           00000002
VCFG0                             00000004
VCFG1                             00000005
VR0                               00000000
VR1                               00000001
VR2                               00000002
VR3                               00000003
VRCON                             00000097
VREN                              00000007
VROE                              00000006
VRR                               00000005
VRSS                              00000004
W                                 00000000
WCOL                              00000007
MPASM  5.37                    TRANSMISOR.ASM   6-5-2016  11:31:39         PAGE 12


SYMBOL TABLE
  LABEL                             VALUE 

WDTCON                            00000105
WDTPS0                            00000001
WDTPS1                            00000002
WDTPS2                            00000003
WDTPS3                            00000004
WPUB                              00000095
WPUB0                             00000000
WPUB1                             00000001
WPUB2                             00000002
WPUB3                             00000003
WPUB4                             00000004
WPUB5                             00000005
WPUB6                             00000006
WPUB7                             00000007
WR                                00000001
WREN                              00000002
WRERR                             00000003
WUE                               00000001
Z                                 00000002
_.org_1_0086                      00000086
_BOR21V                           00003EFF
_BOR40V                           00003FFF
_BOR_NSLEEP                       00003EFF
_BOR_OFF                          00003CFF
_BOR_ON                           00003FFF
_BOR_SBODEN                       00003DFF
_CONFIG1                          00002007
_CONFIG2                          00002008
_CPD_OFF                          00003FFF
_CPD_ON                           00003F7F
_CP_OFF                           00003FFF
_CP_ON                            00003FBF
_DEBUG_OFF                        00003FFF
_DEBUG_ON                         00001FFF
_EC_OSC                           00003FFB
_EXTRC                            00003FFF
_EXTRCIO                          00003FFE
_EXTRC_OSC_CLKOUT                 00003FFF
_EXTRC_OSC_NOCLKOUT               00003FFE
_FCMEN_OFF                        000037FF
_FCMEN_ON                         00003FFF
_HS_OSC                           00003FFA
_IESO_OFF                         00003BFF
_IESO_ON                          00003FFF
_INTOSC                           00003FFD
_INTOSCIO                         00003FFC
_INTRC_OSC_CLKOUT                 00003FFD
_INTRC_OSC_NOCLKOUT               00003FFC
_LP_OSC                           00003FF8
_LVP_OFF                          00002FFF
_LVP_ON                           00003FFF
_MCLRE_OFF                        00003FDF
_MCLRE_ON                         00003FFF
MPASM  5.37                    TRANSMISOR.ASM   6-5-2016  11:31:39         PAGE 13


SYMBOL TABLE
  LABEL                             VALUE 

_PWRTE_OFF                        00003FFF
_PWRTE_ON                         00003FEF
_WDT_OFF                          00003FF7
_WDT_ON                           00003FFF
_WRT_1FOURTH                      00003BFF
_WRT_256                          00003DFF
_WRT_HALF                         000039FF
_WRT_OFF                          00003FFF
_XT_OSC                           00003FF9
__16F887                          00000001
contador                          00000024
status_temp                       00000023
w_temp                            00000022

Errors   :     0
Warnings :     0 reported,     0 suppressed
Messages :    16 reported,     0 suppressed

