MPASM  5.37                  PIC_DISPLAYS.ASM   6-10-2016  1:25:50         PAGE  1


LOC  OBJECT CODE     LINE SOURCE TEXT
  VALUE

                      00001         list p=16f887
                      00002         INCLUDE "p16f887.inc"
                      00001         LIST
                      00002 ; P16F887.INC  Standard Header File, Version 1.00    Microchip Technology, Inc.
                      00617         LIST
                      00003         CBLOCK 0x20
  00000020            00004 AUX
  00000021            00005 AUX1
  00000022            00006 AUX2
  00000023            00007 PUNTAJE
  00000024            00008 FLAGS
  00000025            00009 MAYOR_PUNTAJE
  00000026            00010 UNIDADES
  00000027            00011 DECENAS
                      00012         ENDC
  0000003F            00013 DISP_0  EQU b'00111111'
  00000006            00014 DISP_1  EQU b'00000110'
  000000DB            00015 DISP_2  EQU b'11011011'
  000000CF            00016 DISP_3  EQU b'11001111'
  000000E6            00017 DISP_4  EQU b'11100110'
  000000ED            00018 DISP_5  EQU b'11101101'
  000000FD            00019 DISP_6  EQU b'11111101'
  00000007            00020 DISP_7  EQU b'00000111'
  000000FF            00021 DISP_8  EQU b'11111111'
  000000EF            00022 DISP_9  EQU b'11101111'
  00000000            00023 DISP_UNIDADES EQU 0
                      00024         org     0x00
0000   2???           00025         goto    INICIO
                      00026         org     0x04
0004   2???           00027         goto    INTERRUPCION
                      00028 
                      00029 
                      00030 
0005                  00031 INICIO
0005   2???           00032         call    CFG
0006   2???           00033         call    Configuracion_Puerto_Serie
0007   2???           00034         call    CONVERTIR
0008   168B           00035         bsf             INTCON,T0IE
                      00036 
0009                  00037 MAIN
0009   0000           00038         nop     
000A   0064           00039         clrWDT
000B   2???           00040         goto    MAIN
                      00041 
000C                  00042 CFG
000C   01A3           00043         clrf    PUNTAJE
000D   01A5           00044         clrf    MAYOR_PUNTAJE
000E   01A7           00045         clrf    DECENAS
000F   01A6           00046         clrf    UNIDADES
                      00047 
0010   1683 1303      00048         banksel OPTION_REG
0012   3004           00049         movlw   b'00000100'
Message[302]: Register in operand not in bank 0.  Ensure that bank bits are correct.
MPASM  5.37                  PIC_DISPLAYS.ASM   6-10-2016  1:25:50         PAGE  2


LOC  OBJECT CODE     LINE SOURCE TEXT
  VALUE

0013   0081           00050         movwf   OPTION_REG
0014   3000           00051         movlw   b'00000000'
Message[302]: Register in operand not in bank 0.  Ensure that bank bits are correct.
0015   0086           00052         movwf   TRISB
Message[302]: Register in operand not in bank 0.  Ensure that bank bits are correct.
0016   0088           00053         movwf   TRISD
                      00054         
0017   1683 1703      00055         banksel ANSELH
Message[302]: Register in operand not in bank 0.  Ensure that bank bits are correct.
0019   0189           00056         clrf    ANSELH
                      00057         
001A   1283 1303      00058         banksel INTCON
001C   3080           00059         movlw   b'10000000'
001D   008B           00060         movwf   INTCON
                      00061         
001E   3032           00062         movlw   .50
001F   0081           00063         movwf   TMR0
0020   3000           00064         movlw   0x00
0021   0088           00065         movwf   PORTD
0022   01A4           00066         clrf    FLAGS
                      00067         
0023   0008           00068   return
                      00069 
0024                  00070 INTERRUPCION
0024   190B           00071         btfsc   INTCON,T0IF
0025   2???           00072         goto    INT_TIMER
0026   1283 1303      00073         banksel PIR1
0028   1A8C           00074         btfsc   PIR1, RCIF
0029   2???           00075         goto    INT_RX
002A   1283           00076         bcf     STATUS, RP0
002B   1303           00077         bcf     STATUS, RP1
002C   0009           00078         retfie
                      00079 
002D                  00080 INT_TIMER
002D   1C24           00081         btfss   FLAGS,DISP_UNIDADES
002E   2???           00082         goto    MOSTRAR_UNIDADES
002F   2???           00083         goto    MOSTRAR_DECENAS
                      00084         
                      00085         
                      00086 
                      00087 
0030                  00088 CONVERTIR
0030   0825           00089         movf    MAYOR_PUNTAJE,0
0031   00A0           00090         movwf   AUX
0032                  00091 DECENAS_TAG
0032   300A           00092         movlw   .10
0033   02A0           00093         subwf   AUX,1
0034   1C03           00094         btfss   STATUS,C
0035   2???           00095         goto    UNIDADES_TAG
0036   0820           00096         movf    AUX,0
0037   00A2           00097         movwf   AUX2
0038   0AA7           00098         incf    DECENAS,1
0039   2???           00099         goto    DECENAS_TAG
MPASM  5.37                  PIC_DISPLAYS.ASM   6-10-2016  1:25:50         PAGE  3


LOC  OBJECT CODE     LINE SOURCE TEXT
  VALUE

                      00100 
003A                  00101 UNIDADES_TAG
003A   0822           00102         movf    AUX2,0
003B   00A6           00103         movwf   UNIDADES
003C   0008           00104         return
                      00105         
                      00106         
003D                  00107 PUNTAJE_MAYOR?
003D   0823           00108         movf    PUNTAJE,0
003E   00A1           00109         movwf   AUX1
003F   0825           00110         movf    MAYOR_PUNTAJE,0
0040   02A1           00111         subwf   AUX1,1
0041   1C03           00112         btfss   STATUS,C
0042   0008           00113         return
0043   0823           00114         movf    PUNTAJE,0
0044   00A5           00115         movwf   MAYOR_PUNTAJE
0045   0008           00116         return
                      00117 
0046                  00118 MOSTRAR_UNIDADES
0046   0186           00119         clrf    PORTB
0047   1088           00120         bcf             PORTD,1
0048   1408           00121         bsf             PORTD,0
0049   0826           00122         movf    UNIDADES,0
004A   2???           00123         call    TABLA
004B   0086           00124         movwf   PORTB
004C   1424           00125         bsf             FLAGS,DISP_UNIDADES
004D   2???           00126         goto    FIN_TIMER
                      00127 
004E                  00128 MOSTRAR_DECENAS
004E   0186           00129         clrf    PORTB
004F   1008           00130         bcf             PORTD,0
0050   1488           00131         bsf             PORTD,1
0051   0827           00132         movf    DECENAS,0
0052   2???           00133         call    TABLA
0053   1024           00134         bcf             FLAGS,DISP_UNIDADES
0054   0086           00135         movwf   PORTB
                      00136         
0055                  00137 FIN_TIMER
0055   3032           00138         movlw   .50 ;valor de carga de timer
0056   0081           00139         movwf   TMR0
0057   110B           00140         bcf             INTCON,T0IF
0058   0009           00141         retfie
0059                  00142 TABLA
0059   0782           00143         addwf   PCL,1
005A   343F           00144         retlw   DISP_0
005B   3406           00145         retlw   DISP_1
005C   34DB           00146         retlw   DISP_2  
005D   34CF           00147         retlw   DISP_3  
005E   34E6           00148         retlw   DISP_4  
005F   34ED           00149         retlw   DISP_5  
0060   34FD           00150         retlw   DISP_6  
0061   3407           00151         retlw   DISP_7  
0062   34FF           00152         retlw   DISP_8  
MPASM  5.37                  PIC_DISPLAYS.ASM   6-10-2016  1:25:50         PAGE  4


LOC  OBJECT CODE     LINE SOURCE TEXT
  VALUE

0063   34EF           00153         retlw   DISP_9  
                      00154 
                      00155 ;-------------------------
0064                  00156 Configuracion_Puerto_Serie
                      00157 ;-------------------------
0064   1683 1303      00158         banksel TRISC
Message[302]: Register in operand not in bank 0.  Ensure that bank bits are correct.
0066   1307           00159         bcf TRISC, 6    ;RC6/TX/CK = output
Message[302]: Register in operand not in bank 0.  Ensure that bank bits are correct.
0067   1787           00160         bsf TRISC, 7    ;RC7/RX/DT = input
                      00161 
0068   1683 1703      00162         banksel BAUDCTL 
Message[302]: Register in operand not in bank 0.  Ensure that bank bits are correct.
006A   1587           00163         bsf BAUDCTL, BRG16      ;16-bit BAUD Rate Generator is used.
                      00164         
006B   1683 1303      00165         banksel SPBRG
006D   3033           00166         movlw .51       ;baud rate = 38400 ---> Esto seguro hay que modificarlo.
                      00167                                 ;(Fosc/(4*(SPBRG+1))) Error + 0.16%
Message[302]: Register in operand not in bank 0.  Ensure that bank bits are correct.
006E   0099           00168         movwf SPBRG
Message[302]: Register in operand not in bank 0.  Ensure that bank bits are correct.
006F   019A           00169         clrf SPBRGH
                      00170 
0070   1683 1303      00171         banksel TXSTA
Message[302]: Register in operand not in bank 0.  Ensure that bank bits are correct.
0072   1318           00172         bcf TXSTA, TX9  ;Data is 8-bit wide
Message[302]: Register in operand not in bank 0.  Ensure that bank bits are correct.
0073   1698           00173         bsf TXSTA, TXEN ;Data transmission enabled      No se para que...
Message[302]: Register in operand not in bank 0.  Ensure that bank bits are correct.
0074   1218           00174         bcf TXSTA, SYNC ;Asynchronous mode
Message[302]: Register in operand not in bank 0.  Ensure that bank bits are correct.
0075   1518           00175         bsf TXSTA, BRGH ;High-speed baud rate
                      00176         
0076   1283 1303      00177         banksel RCSTA
0078   1798           00178         bsf RCSTA, SPEN ;RX/DT and TX/CK outputs configuration
0079   1318           00179         bcf RCSTA, RX9  ;Select mode for 8-bit data receive
007A   1618           00180         bsf RCSTA, CREN ;Receive data enabled
007B   1198           00181         bcf RCSTA, ADDEN        ;No address detection, ninth bit 
                      00182                                                 ;might be used as parity bit
007C   1118           00183         bcf RCSTA, FERR
007D   1098           00184         bcf RCSTA, OERR
007E   081A           00185         movf RCREG, 0   ;cleared RCIF bit
                      00186 
007F   1683 1703      00187         banksel BAUDCTL
Message[302]: Register in operand not in bank 0.  Ensure that bank bits are correct.
0081   1207           00188         bcf BAUDCTL, SCKP ;unset inverted mode
                      00189 ;-----------------------
0082                  00190 Interrupts_Configuration                ;Para Comunicacion Serie
                      00191 ;-----------------------
0082   1683 1303      00192         banksel PIE1
Message[302]: Register in operand not in bank 0.  Ensure that bank bits are correct.
0084   168C           00193         bsf PIE1, RCIE  ;USART Rx interrupt enabled
                      00194         
MPASM  5.37                  PIC_DISPLAYS.ASM   6-10-2016  1:25:50         PAGE  5


LOC  OBJECT CODE     LINE SOURCE TEXT
  VALUE

0085   1283 1303      00195         banksel INTCON
0087   170B           00196         bsf INTCON, PEIE
                      00197 
0088   1283           00198         bcf STATUS, RP0
0089   1303           00199         bcf STATUS, RP1 
                      00200 
008A   0008           00201         return
                      00202 
008B                  00203 INT_RX
                      00204         ;bcf    PIR1, RCIF
008B   1283 1303      00205         banksel RCSTA
008D   1918           00206         btfsc   RCSTA, FERR
008E   2???           00207         goto    FRAMING_ERROR
008F   1898           00208         btfsc   RCSTA, OERR
0090   2???           00209         goto    OVERRUN_ERROR
0091   2???           00210         goto    RECIBIR_DATO
0092                  00211 RECIBIR_DATO
0092   081A           00212         movf    RCREG, 0
0093   1283           00213         bcf             STATUS, RP0
0094   1303           00214         bcf     STATUS, RP1
0095   00A3           00215         movwf   PUNTAJE
0096   2???           00216         call    PUNTAJE_MAYOR?
0097   2???           00217         call    CONVERTIR
0098   2???           00218         goto    FIN_RX
0099                  00219 OVERRUN_ERROR
0099   081A           00220         movf    RCREG, 0
009A   1098           00221         bcf     RCSTA, OERR
009B   1788           00222         bsf     PORTD, 7
009C   2???           00223         goto    FIN_RX  
009D                  00224 FRAMING_ERROR
009D   081A           00225         movf    RCREG, 0
009E   1118           00226         bcf             RCSTA, FERR
009F   1708           00227         bsf     PORTD, 6
00A0   2???           00228         goto    FIN_RX
00A1                  00229 FIN_RX
00A1   1283           00230         bcf STATUS, RP0
00A2   1303           00231         bcf STATUS, RP1
00A3   0009           00232         retfie
                      00233 
                      00234         end
MPASM  5.37                  PIC_DISPLAYS.ASM   6-10-2016  1:25:50         PAGE  6


SYMBOL TABLE
  LABEL                             VALUE 

ABDEN                             00000000
ABDOVF                            00000007
ACKDT                             00000005
ACKEN                             00000004
ACKSTAT                           00000006
ADCON0                            0000001F
ADCON1                            0000009F
ADCS0                             00000006
ADCS1                             00000007
ADDEN                             00000003
ADFM                              00000007
ADIE                              00000006
ADIF                              00000006
ADON                              00000000
ADRESH                            0000001E
ADRESL                            0000009E
ANS0                              00000000
ANS1                              00000001
ANS10                             00000002
ANS11                             00000003
ANS12                             00000004
ANS13                             00000005
ANS2                              00000002
ANS3                              00000003
ANS4                              00000004
ANS5                              00000005
ANS6                              00000006
ANS7                              00000007
ANS8                              00000000
ANS9                              00000001
ANSEL                             00000188
ANSELH                            00000189
AUX                               00000020
AUX1                              00000021
AUX2                              00000022
BAUDCTL                           00000187
BCLIE                             00000003
BCLIF                             00000003
BF                                00000000
BRG0                              00000000
BRG1                              00000001
BRG10                             00000002
BRG11                             00000003
BRG12                             00000004
BRG13                             00000005
BRG14                             00000006
BRG15                             00000007
BRG16                             00000003
BRG2                              00000002
BRG3                              00000003
BRG4                              00000004
BRG5                              00000005
BRG6                              00000006
MPASM  5.37                  PIC_DISPLAYS.ASM   6-10-2016  1:25:50         PAGE  7


SYMBOL TABLE
  LABEL                             VALUE 

BRG7                              00000007
BRG8                              00000000
BRG9                              00000001
BRGH                              00000002
C                                 00000000
C1CH0                             00000000
C1CH1                             00000001
C1IE                              00000005
C1IF                              00000005
C1OE                              00000005
C1ON                              00000007
C1OUT                             00000006
C1POL                             00000004
C1R                               00000002
C1RSEL                            00000005
C1SEN                             00000005
C2CH0                             00000000
C2CH1                             00000001
C2IE                              00000006
C2IF                              00000006
C2OE                              00000005
C2ON                              00000007
C2OUT                             00000006
C2POL                             00000004
C2R                               00000002
C2REN                             00000004
C2RSEL                            00000004
C2SYNC                            00000000
CCP1CON                           00000017
CCP1IE                            00000002
CCP1IF                            00000002
CCP1M0                            00000000
CCP1M1                            00000001
CCP1M2                            00000002
CCP1M3                            00000003
CCP1X                             00000005
CCP1Y                             00000004
CCP2CON                           0000001D
CCP2IE                            00000000
CCP2IF                            00000000
CCP2M0                            00000000
CCP2M1                            00000001
CCP2M2                            00000002
CCP2M3                            00000003
CCP2X                             00000005
CCP2Y                             00000004
CCPR1H                            00000016
CCPR1L                            00000015
CCPR2H                            0000001C
CCPR2L                            0000001B
CFG                               0000000C
CHS0                              00000002
CHS1                              00000003
MPASM  5.37                  PIC_DISPLAYS.ASM   6-10-2016  1:25:50         PAGE  8


SYMBOL TABLE
  LABEL                             VALUE 

CHS2                              00000004
CHS3                              00000005
CKE                               00000006
CKP                               00000004
CM1CON0                           00000107
CM2CON0                           00000108
CM2CON1                           00000109
CONVERTIR                         00000030
CREN                              00000004
CSRC                              00000007
Configuracion_Puerto_Serie        00000064
D                                 00000005
DATA_ADDRESS                      00000005
DC                                00000001
DC1B0                             00000004
DC1B1                             00000005
DC2B0                             00000004
DC2B1                             00000005
DECENAS                           00000027
DECENAS_TAG                       00000032
DISP_0                            0000003F
DISP_1                            00000006
DISP_2                            000000DB
DISP_3                            000000CF
DISP_4                            000000E6
DISP_5                            000000ED
DISP_6                            000000FD
DISP_7                            00000007
DISP_8                            000000FF
DISP_9                            000000EF
DISP_UNIDADES                     00000000
D_A                               00000005
ECCPAS                            0000009C
ECCPAS0                           00000004
ECCPAS1                           00000005
ECCPAS2                           00000006
ECCPASE                           00000007
EEADR                             0000010D
EEADRH                            0000010F
EECON1                            0000018C
EECON2                            0000018D
EEDAT                             0000010C
EEDATA                            0000010C
EEDATH                            0000010E
EEIE                              00000004
EEIF                              00000004
EEPGD                             00000007
F                                 00000001
FERR                              00000002
FIN_RX                            000000A1
FIN_TIMER                         00000055
FLAGS                             00000024
FRAMING_ERROR                     0000009D
MPASM  5.37                  PIC_DISPLAYS.ASM   6-10-2016  1:25:50         PAGE  9


SYMBOL TABLE
  LABEL                             VALUE 

FSR                               00000004
FVREN                             00000000
GCEN                              00000007
GIE                               00000007
GO                                00000001
GO_DONE                           00000001
HTS                               00000002
I2C_DATA                          00000005
I2C_READ                          00000002
I2C_START                         00000003
I2C_STOP                          00000004
INDF                              00000000
INICIO                            00000005
INTCON                            0000000B
INTE                              00000004
INTEDG                            00000006
INTERRUPCION                      00000024
INTF                              00000001
INT_RX                            0000008B
INT_TIMER                         0000002D
IOCB                              00000096
IOCB0                             00000000
IOCB1                             00000001
IOCB2                             00000002
IOCB3                             00000003
IOCB4                             00000004
IOCB5                             00000005
IOCB6                             00000006
IOCB7                             00000007
IRCF0                             00000004
IRCF1                             00000005
IRCF2                             00000006
IRP                               00000007
Interrupts_Configuration          00000082
LTS                               00000001
MAIN                              00000009
MAYOR_PUNTAJE                     00000025
MC1OUT                            00000007
MC2OUT                            00000006
MOSTRAR_DECENAS                   0000004E
MOSTRAR_UNIDADES                  00000046
MSK                               00000093
NOT_A                             00000005
NOT_ADDRESS                       00000005
NOT_BO                            00000000
NOT_BOR                           00000000
NOT_DONE                          00000001
NOT_PD                            00000003
NOT_POR                           00000001
NOT_RBPU                          00000007
NOT_RC8                           00000006
NOT_T1SYNC                        00000002
NOT_TO                            00000004
MPASM  5.37                  PIC_DISPLAYS.ASM   6-10-2016  1:25:50         PAGE 10


SYMBOL TABLE
  LABEL                             VALUE 

NOT_TX8                           00000006
NOT_W                             00000002
NOT_WRITE                         00000002
OERR                              00000001
OPTION_REG                        00000081
OSCCON                            0000008F
OSCTUNE                           00000090
OSFIE                             00000007
OSFIF                             00000007
OSTS                              00000003
OVERRUN_ERROR                     00000099
P                                 00000004
P1M0                              00000006
P1M1                              00000007
PCL                               00000002
PCLATH                            0000000A
PCON                              0000008E
PDC0                              00000000
PDC1                              00000001
PDC2                              00000002
PDC3                              00000003
PDC4                              00000004
PDC5                              00000005
PDC6                              00000006
PEIE                              00000006
PEN                               00000002
PIE1                              0000008C
PIE2                              0000008D
PIR1                              0000000C
PIR2                              0000000D
PORTA                             00000005
PORTB                             00000006
PORTC                             00000007
PORTD                             00000008
PORTE                             00000009
PR2                               00000092
PRSEN                             00000007
PS0                               00000000
PS1                               00000001
PS2                               00000002
PSA                               00000003
PSSAC0                            00000002
PSSAC1                            00000003
PSSBD0                            00000000
PSSBD1                            00000001
PSTRCON                           0000009D
PULSR                             00000002
PULSS                             00000003
PUNTAJE                           00000023
PUNTAJE_MAYOR?                    0000003D
PWM1CON                           0000009B
R                                 00000002
RBIE                              00000003
MPASM  5.37                  PIC_DISPLAYS.ASM   6-10-2016  1:25:50         PAGE 11


SYMBOL TABLE
  LABEL                             VALUE 

RBIF                              00000000
RC8_9                             00000006
RC9                               00000006
RCD8                              00000000
RCEN                              00000003
RCIDL                             00000006
RCIE                              00000005
RCIF                              00000005
RCREG                             0000001A
RCSTA                             00000018
RD                                00000000
READ_WRITE                        00000002
RECIBIR_DATO                      00000092
RP0                               00000005
RP1                               00000006
RSEN                              00000001
RX9                               00000006
RX9D                              00000000
R_W                               00000002
S                                 00000003
SBOREN                            00000004
SCKP                              00000004
SCS                               00000000
SEN                               00000000
SENDB                             00000003
SMP                               00000007
SPBRG                             00000099
SPBRGH                            0000009A
SPEN                              00000007
SR0                               00000006
SR1                               00000007
SRCON                             00000185
SREN                              00000005
SSPADD                            00000093
SSPBUF                            00000013
SSPCON                            00000014
SSPCON2                           00000091
SSPEN                             00000005
SSPIE                             00000003
SSPIF                             00000003
SSPM0                             00000000
SSPM1                             00000001
SSPM2                             00000002
SSPM3                             00000003
SSPMSK                            00000093
SSPOV                             00000006
SSPSTAT                           00000094
STATUS                            00000003
STRA                              00000000
STRB                              00000001
STRC                              00000002
STRD                              00000003
STRSYNC                           00000004
MPASM  5.37                  PIC_DISPLAYS.ASM   6-10-2016  1:25:50         PAGE 12


SYMBOL TABLE
  LABEL                             VALUE 

SWDTEN                            00000000
SYNC                              00000004
T0CS                              00000005
T0IE                              00000005
T0IF                              00000002
T0SE                              00000004
T1CKPS0                           00000004
T1CKPS1                           00000005
T1CON                             00000010
T1GIV                             00000007
T1GSS                             00000001
T1INSYNC                          00000002
T1OSCEN                           00000003
T1SYNC                            00000002
T2CKPS0                           00000000
T2CKPS1                           00000001
T2CON                             00000012
TABLA                             00000059
TMR0                              00000001
TMR0IE                            00000005
TMR0IF                            00000002
TMR1CS                            00000001
TMR1GE                            00000006
TMR1H                             0000000F
TMR1IE                            00000000
TMR1IF                            00000000
TMR1L                             0000000E
TMR1ON                            00000000
TMR2                              00000011
TMR2IE                            00000001
TMR2IF                            00000001
TMR2ON                            00000002
TOUTPS0                           00000003
TOUTPS1                           00000004
TOUTPS2                           00000005
TOUTPS3                           00000006
TRISA                             00000085
TRISB                             00000086
TRISC                             00000087
TRISD                             00000088
TRISE                             00000089
TRMT                              00000001
TUN0                              00000000
TUN1                              00000001
TUN2                              00000002
TUN3                              00000003
TUN4                              00000004
TX8_9                             00000006
TX9                               00000006
TX9D                              00000000
TXD8                              00000000
TXEN                              00000005
TXIE                              00000004
MPASM  5.37                  PIC_DISPLAYS.ASM   6-10-2016  1:25:50         PAGE 13


SYMBOL TABLE
  LABEL                             VALUE 

TXIF                              00000004
TXREG                             00000019
TXSTA                             00000098
UA                                00000001
ULPWUE                            00000005
ULPWUIE                           00000002
ULPWUIF                           00000002
UNIDADES                          00000026
UNIDADES_TAG                      0000003A
VCFG0                             00000004
VCFG1                             00000005
VR0                               00000000
VR1                               00000001
VR2                               00000002
VR3                               00000003
VRCON                             00000097
VREN                              00000007
VROE                              00000006
VRR                               00000005
VRSS                              00000004
W                                 00000000
WCOL                              00000007
WDTCON                            00000105
WDTPS0                            00000001
WDTPS1                            00000002
WDTPS2                            00000003
WDTPS3                            00000004
WPUB                              00000095
WPUB0                             00000000
WPUB1                             00000001
WPUB2                             00000002
WPUB3                             00000003
WPUB4                             00000004
WPUB5                             00000005
WPUB6                             00000006
WPUB7                             00000007
WR                                00000001
WREN                              00000002
WRERR                             00000003
WUE                               00000001
Z                                 00000002
_BOR21V                           00003EFF
_BOR40V                           00003FFF
_BOR_NSLEEP                       00003EFF
_BOR_OFF                          00003CFF
_BOR_ON                           00003FFF
_BOR_SBODEN                       00003DFF
_CONFIG1                          00002007
_CONFIG2                          00002008
_CPD_OFF                          00003FFF
_CPD_ON                           00003F7F
_CP_OFF                           00003FFF
_CP_ON                            00003FBF
MPASM  5.37                  PIC_DISPLAYS.ASM   6-10-2016  1:25:50         PAGE 14


SYMBOL TABLE
  LABEL                             VALUE 

_DEBUG_OFF                        00003FFF
_DEBUG_ON                         00001FFF
_EC_OSC                           00003FFB
_EXTRC                            00003FFF
_EXTRCIO                          00003FFE
_EXTRC_OSC_CLKOUT                 00003FFF
_EXTRC_OSC_NOCLKOUT               00003FFE
_FCMEN_OFF                        000037FF
_FCMEN_ON                         00003FFF
_HS_OSC                           00003FFA
_IESO_OFF                         00003BFF
_IESO_ON                          00003FFF
_INTOSC                           00003FFD
_INTOSCIO                         00003FFC
_INTRC_OSC_CLKOUT                 00003FFD
_INTRC_OSC_NOCLKOUT               00003FFC
_LP_OSC                           00003FF8
_LVP_OFF                          00002FFF
_LVP_ON                           00003FFF
_MCLRE_OFF                        00003FDF
_MCLRE_ON                         00003FFF
_PWRTE_OFF                        00003FFF
_PWRTE_ON                         00003FEF
_WDT_OFF                          00003FF7
_WDT_ON                           00003FFF
_WRT_1FOURTH                      00003BFF
_WRT_256                          00003DFF
_WRT_HALF                         000039FF
_WRT_OFF                          00003FFF
_XT_OSC                           00003FF9
__16F887                          00000001
__DEBUG                           1

Errors   :     0
Warnings :     0 reported,     0 suppressed
Messages :    15 reported,     0 suppressed

